Removed Pin From Net: NetName=NetC1_1 Pin=DA1-1
Removed Pin From Net: NetName=NetC1_2 Pin=DA1-4
Removed Pin From Net: NetName=+3.3 Pin=HL2-2
Removed Pin From Net: NetName=NetC1_2 Pin=HL4-1
Removed Pin From Net: NetName=GND Pin=HL4-2
Removed Member From Class: ClassName=Sheet1 Member=HL4
Change Component Footprint: Designator=C1 Old Footprint=CAP: 0402 New Footprint=CAP: 1206
Change Component Footprint: Designator=HL2 Old Footprint=LED_0603 New Footprint=BP104
Change Component Footprint: Designator=R4 Old Footprint=RES: 0402 New Footprint=RES: 1206
Change Component Comment : Designator=HL2 Old Comment= New Comment=BP104
Change component parameters: Designator = "DA1" ("DA1"); Footprint = "SOT23-5"; UniqueID = "\TLPBGODS" ("\TLPBGODS")
Change component parameters (AddParameter): Name = "ComponentType"; Value = "IC op amplifier"; VariantName = "[No Variations]"
Change component parameters (AddParameter): Name = "GainBandwidth"; Value = "20 MHz"; VariantName = "[No Variations]"
Change component parameters (AddParameter): Name = "HelpURL"; Value = "https://belchip.by/product/?selected_product=29505"; VariantName = "[No Variations]"
Change component parameters (AddParameter): Name = "Manufacturer"; Value = "STMicroelectronics"; VariantName = "[No Variations]"
Change component parameters (AddParameter): Name = "OutputType"; Value = "Rail-to-Rail"; VariantName = "[No Variations]"
Change component parameters (AddParameter): Name = "Package"; Value = "SOT23-5"; VariantName = "[No Variations]"
Change component parameters (AddParameter): Name = "PartNumber"; Value = "TL331IDBVR"; VariantName = "[No Variations]"
Change component parameters (AddParameter): Name = "Supply"; Value = "2.7...5.5V"; VariantName = "[No Variations]"
Change component parameters (AddParameter): Name = "Temperature"; Value = "-40...+125°C"; VariantName = "[No Variations]"
Change component parameters (AddParameter): Name = "ValueManufacturerPartNumber"; Value = "IC op amplifier, Rail-to-Rail, 20 MHz, 2.7...5.5V, -40...+125°C, SOT23-5"; VariantName = "[No Variations]"
Change component parameters: Designator = "HL2" ("HL2"); Footprint = "LED_0603"; UniqueID = "\PNWUIXOK" ("\PNWUIXOK")
Change component parameters (AddParameter): Name = "Calor"; Value = ""; VariantName = "[No Variations]"
Change component parameters (AddParameter): Name = "HelpURL"; Value = "https://belchip.by/sitedocs/00012933.pdf"; VariantName = "[No Variations]"
Change component parameters (AddParameter): Name = "Value"; Value = "BP104"; VariantName = "[No Variations]"
Added Component: Designator=HL1(LED: 1206W)
Add component (AddParameter): Name = "Calor"; Value = "940íì"; VariantName = "[No Variations]"
Add component (AddParameter): Name = "HelpURL"; Value = "https://belchip.by/product/?selected_product=17450"; VariantName = "[No Variations]"
Add component (AddParameter): Name = "Value"; Value = "KP-3216F3C"; VariantName = "[No Variations]"
Added Pin To Net: NetName=NetC1_2 Pin=DA1-1
Added Pin To Net: NetName=NetC1_1 Pin=DA1-4
Added Pin To Net: NetName=+3.3 Pin=HL1-2
Added Pin To Net: NetName=NetC1_2 Pin=HL2-1
Added Pin To Net: NetName=GND Pin=HL2-2
Added Pin To Net: NetName=NetHL1_1 Pin=HL1-1
Added Pin To Net: NetName=NetHL1_1 Pin=R7-2
Added Net: Name=NetHL1_1
Added Member To Class: ClassName=Sheet1 Member=Component HL1 KP-3216F3C
Added Room: Name=Sheet1
