Removed Pin From Net: NetName=GND Pin=D1-0
Removed Pin From Net: NetName=GND Pin=D1-0
Removed Pin From Net: NetName=GND Pin=D1-0
Removed Pin From Net: NetName=GND Pin=D1-0
Removed Pin From Net: NetName=GND Pin=D1-0
Removed Pin From Net: NetName=GND Pin=D1-0
Added Component: Designator=C4(CAP: 0402)
Add component (AddParameter): Name = "HelpURL"; Value = "https://belchip.by/product/?selected_product=18895"; VariantName = "[No Variations]"
Add component (AddParameter): Name = "Manufacturer"; Value = "Yageo"; VariantName = "[No Variations]"
Add component (AddParameter): Name = "Package"; Value = "0402"; VariantName = "[No Variations]"
Add component (AddParameter): Name = "PartNumber"; Value = "CC0201KRX7R7BB103"; VariantName = "[No Variations]"
Add component (AddParameter): Name = "Temperature"; Value = "-55...+125°C"; VariantName = "[No Variations]"
Add component (AddParameter): Name = "Tolerance"; Value = "±10%"; VariantName = "[No Variations]"
Add component (AddParameter): Name = "TypeCapacitor"; Value = "Ceramic capacitor"; VariantName = "[No Variations]"
Add component (AddParameter): Name = "TypeDielectric"; Value = "X7R"; VariantName = "[No Variations]"
Add component (AddParameter): Name = "Value"; Value = "1?F"; VariantName = "[No Variations]"
Add component (AddParameter): Name = "ValueManufacturerPartNumber"; Value = "Ceramic capacitor, 1?F, X7R, ±10%, 6.3V, 0402, -55...+125°C"; VariantName = "[No Variations]"
Add component (AddParameter): Name = "Voltage"; Value = "6.3V"; VariantName = "[No Variations]"
Added Pin To Net: NetName=GND Pin=C4-1
Added Pin To Net: NetName=+3.3 Pin=C4-2
Added Member To Class: ClassName=Sheet1 Member=Component C4 Ceramic capacitor, 1?F, X7R, ±10%, 6.3V, 0402, -55...+125°C
