Removed Pin From Net: NetName=+5 Pin=C3-1
Removed Pin From Net: NetName=GND Pin=C3-2
Removed Pin From Net: NetName=+3.3 Pin=C4-1
Removed Pin From Net: NetName=GND Pin=C4-2
Removed Pin From Net: NetName=+12 Pin=C6-1
Removed Pin From Net: NetName=GND Pin=C6-2
Removed Pin From Net: NetName=+LED Pin=C9-1
Removed Pin From Net: NetName=GND Pin=C9-2
Removed Pin From Net: NetName=+12 Pin=C11-1
Removed Pin From Net: NetName=GND Pin=C11-2
Removed Member From Class: ClassName=Схема приинципиальная Member=C3
Removed Member From Class: ClassName=Схема приинципиальная Member=C4
Removed Member From Class: ClassName=Схема приинципиальная Member=C6
Removed Member From Class: ClassName=Схема приинципиальная Member=C9
Removed Member From Class: ClassName=Схема приинципиальная Member=C11
Added Component: Designator=C?(CAP: D6.3C2.5H11)
Add component (AddParameter): Name = "HelpURL"; Value = "https://www.digikey.com/product-detail/en/wurth-electronics-inc/860080475013/732-9029-1-ND/5728972"; VariantName = "[No Variations]"
Add component (AddParameter): Name = "Impedance"; Value = "54mOhm"; VariantName = "[No Variations]"
Add component (AddParameter): Name = "Manufacturer"; Value = "Wurth"; VariantName = "[No Variations]"
Add component (AddParameter): Name = "Package"; Value = "14x10x5 mm"; VariantName = "[No Variations]"
Add component (AddParameter): Name = "PartNumber"; Value = "860080475013"; VariantName = "[No Variations]"
Add component (AddParameter): Name = "Temperature"; Value = "-55...+105°C"; VariantName = "[No Variations]"
Add component (AddParameter): Name = "Tolerance"; Value = "±20%"; VariantName = "[No Variations]"
Add component (AddParameter): Name = "TypeCapacitor"; Value = "Aluminium capacitor"; VariantName = "[No Variations]"
Add component (AddParameter): Name = "Value"; Value = "100?F"; VariantName = "[No Variations]"
Add component (AddParameter): Name = "ValueManufacturerPartNumber"; Value = "Aluminium capacitor, 100?F, 25V, ±20%, 54mOhm, 14x10x5 mm, -55...+105°C"; VariantName = "[No Variations]"
Add component (AddParameter): Name = "Voltage"; Value = "25V"; VariantName = "[No Variations]"
Added Component: Designator=C?(CAP: D6.3C2.5H11)
Add component (AddParameter): Name = "HelpURL"; Value = "https://www.digikey.com/product-detail/en/wurth-electronics-inc/860080475013/732-9029-1-ND/5728972"; VariantName = "[No Variations]"
Add component (AddParameter): Name = "Impedance"; Value = "54mOhm"; VariantName = "[No Variations]"
Add component (AddParameter): Name = "Manufacturer"; Value = "Wurth"; VariantName = "[No Variations]"
Add component (AddParameter): Name = "Package"; Value = "14x10x5 mm"; VariantName = "[No Variations]"
Add component (AddParameter): Name = "PartNumber"; Value = "860080475013"; VariantName = "[No Variations]"
Add component (AddParameter): Name = "Temperature"; Value = "-55...+105°C"; VariantName = "[No Variations]"
Add component (AddParameter): Name = "Tolerance"; Value = "±20%"; VariantName = "[No Variations]"
Add component (AddParameter): Name = "TypeCapacitor"; Value = "Aluminium capacitor"; VariantName = "[No Variations]"
Add component (AddParameter): Name = "Value"; Value = "100?F"; VariantName = "[No Variations]"
Add component (AddParameter): Name = "ValueManufacturerPartNumber"; Value = "Aluminium capacitor, 100?F, 25V, ±20%, 54mOhm, 14x10x5 mm, -55...+105°C"; VariantName = "[No Variations]"
Add component (AddParameter): Name = "Voltage"; Value = "25V"; VariantName = "[No Variations]"
Added Component: Designator=C?(CAP: D6.3C2.5H11)
Add component (AddParameter): Name = "HelpURL"; Value = "https://www.digikey.com/product-detail/en/wurth-electronics-inc/860080475013/732-9029-1-ND/5728972"; VariantName = "[No Variations]"
Add component (AddParameter): Name = "Impedance"; Value = "54mOhm"; VariantName = "[No Variations]"
Add component (AddParameter): Name = "Manufacturer"; Value = "Wurth"; VariantName = "[No Variations]"
Add component (AddParameter): Name = "Package"; Value = "14x10x5 mm"; VariantName = "[No Variations]"
Add component (AddParameter): Name = "PartNumber"; Value = "860080475013"; VariantName = "[No Variations]"
Add component (AddParameter): Name = "Temperature"; Value = "-55...+105°C"; VariantName = "[No Variations]"
Add component (AddParameter): Name = "Tolerance"; Value = "±20%"; VariantName = "[No Variations]"
Add component (AddParameter): Name = "TypeCapacitor"; Value = "Aluminium capacitor"; VariantName = "[No Variations]"
Add component (AddParameter): Name = "Value"; Value = "100?F"; VariantName = "[No Variations]"
Add component (AddParameter): Name = "ValueManufacturerPartNumber"; Value = "Aluminium capacitor, 100?F, 25V, ±20%, 54mOhm, 14x10x5 mm, -55...+105°C"; VariantName = "[No Variations]"
Add component (AddParameter): Name = "Voltage"; Value = "25V"; VariantName = "[No Variations]"
Added Component: Designator=C?(CAP: D6.3C2.5H11)
Add component (AddParameter): Name = "HelpURL"; Value = "https://www.digikey.com/product-detail/en/wurth-electronics-inc/860080475013/732-9029-1-ND/5728972"; VariantName = "[No Variations]"
Add component (AddParameter): Name = "Impedance"; Value = "54mOhm"; VariantName = "[No Variations]"
Add component (AddParameter): Name = "Manufacturer"; Value = "Wurth"; VariantName = "[No Variations]"
Add component (AddParameter): Name = "Package"; Value = "14x10x5 mm"; VariantName = "[No Variations]"
Add component (AddParameter): Name = "PartNumber"; Value = "860080475013"; VariantName = "[No Variations]"
Add component (AddParameter): Name = "Temperature"; Value = "-55...+105°C"; VariantName = "[No Variations]"
Add component (AddParameter): Name = "Tolerance"; Value = "±20%"; VariantName = "[No Variations]"
Add component (AddParameter): Name = "TypeCapacitor"; Value = "Aluminium capacitor"; VariantName = "[No Variations]"
Add component (AddParameter): Name = "Value"; Value = "100?F"; VariantName = "[No Variations]"
Add component (AddParameter): Name = "ValueManufacturerPartNumber"; Value = "Aluminium capacitor, 100?F, 25V, ±20%, 54mOhm, 14x10x5 mm, -55...+105°C"; VariantName = "[No Variations]"
Add component (AddParameter): Name = "Voltage"; Value = "25V"; VariantName = "[No Variations]"
Added Component: Designator=C?(CAP: D6.3C2.5H11)
Add component (AddParameter): Name = "HelpURL"; Value = "https://www.digikey.com/product-detail/en/wurth-electronics-inc/860080475013/732-9029-1-ND/5728972"; VariantName = "[No Variations]"
Add component (AddParameter): Name = "Impedance"; Value = "54mOhm"; VariantName = "[No Variations]"
Add component (AddParameter): Name = "Manufacturer"; Value = "Wurth"; VariantName = "[No Variations]"
Add component (AddParameter): Name = "Package"; Value = "14x10x5 mm"; VariantName = "[No Variations]"
Add component (AddParameter): Name = "PartNumber"; Value = "860080475013"; VariantName = "[No Variations]"
Add component (AddParameter): Name = "Temperature"; Value = "-55...+105°C"; VariantName = "[No Variations]"
Add component (AddParameter): Name = "Tolerance"; Value = "±20%"; VariantName = "[No Variations]"
Add component (AddParameter): Name = "TypeCapacitor"; Value = "Aluminium capacitor"; VariantName = "[No Variations]"
Add component (AddParameter): Name = "Value"; Value = "100?F"; VariantName = "[No Variations]"
Add component (AddParameter): Name = "ValueManufacturerPartNumber"; Value = "Aluminium capacitor, 100?F, 25V, ±20%, 54mOhm, 14x10x5 mm, -55...+105°C"; VariantName = "[No Variations]"
Add component (AddParameter): Name = "Voltage"; Value = "25V"; VariantName = "[No Variations]"
Added Pin To Net: NetName=+3.3 Pin=C?-1
Added Pin To Net: NetName=+5 Pin=C?-1
Added Pin To Net: NetName=+12 Pin=C?-1
Added Pin To Net: NetName=+12 Pin=C?-1
Added Pin To Net: NetName=+LED Pin=C?-1
Added Pin To Net: NetName=GND Pin=C?-2
Added Pin To Net: NetName=GND Pin=C?-2
Added Pin To Net: NetName=GND Pin=C?-2
Added Pin To Net: NetName=GND Pin=C?-2
Added Pin To Net: NetName=GND Pin=C?-2
Added Member To Class: ClassName=Схема приинципиальная Member=Component C? Aluminium capacitor, 100?F, 25V, ±20%, 54mOhm, 14x10x5 mm, -55...+105°C
Added Member To Class: ClassName=Схема приинципиальная Member=Component C? Aluminium capacitor, 100?F, 25V, ±20%, 54mOhm, 14x10x5 mm, -55...+105°C
Added Member To Class: ClassName=Схема приинципиальная Member=Component C? Aluminium capacitor, 100?F, 25V, ±20%, 54mOhm, 14x10x5 mm, -55...+105°C
Added Member To Class: ClassName=Схема приинципиальная Member=Component C? Aluminium capacitor, 100?F, 25V, ±20%, 54mOhm, 14x10x5 mm, -55...+105°C
Added Member To Class: ClassName=Схема приинципиальная Member=Component C? Aluminium capacitor, 100?F, 25V, ±20%, 54mOhm, 14x10x5 mm, -55...+105°C
Added Room: Name=Схема приинципиальная
